<?xml version="1.0" encoding="UTF-8"?>
<testng-results skipped="0" failed="0" ignored="0" total="3" passed="3">
  <reporter-output>
  </reporter-output>
  <suite name="Default suite" duration-ms="119" started-at="2018-07-12T00:25:59Z" finished-at="2018-07-12T00:25:59Z">
    <groups>
    </groups>
    <test name="Default test" duration-ms="119" started-at="2018-07-12T00:25:59Z" finished-at="2018-07-12T00:25:59Z">
      <class name="com.test.DemoTest">
        <test-method status="PASS" signature="div()[pri:0, instance:com.test.DemoTest@23d2a7e8]" name="div" duration-ms="21" started-at="2018-07-11T20:25:59Z" finished-at="2018-07-11T20:25:59Z">
          <reporter-output>
          </reporter-output>
        </test-method> <!-- div -->
        <test-method status="PASS" signature="sub()[pri:0, instance:com.test.DemoTest@23d2a7e8]" name="sub" duration-ms="12" started-at="2018-07-11T20:25:59Z" finished-at="2018-07-11T20:25:59Z">
          <reporter-output>
          </reporter-output>
        </test-method> <!-- sub -->
        <test-method status="PASS" signature="sum()[pri:0, instance:com.test.DemoTest@23d2a7e8]" name="sum" duration-ms="6" started-at="2018-07-11T20:25:59Z" finished-at="2018-07-11T20:25:59Z">
          <reporter-output>
          </reporter-output>
        </test-method> <!-- sum -->
      </class> <!-- com.test.DemoTest -->
    </test> <!-- Default test -->
  </suite> <!-- Default suite -->
</testng-results>
